<?xml version="1.0" encoding="UTF-8"?>
<testsuite xmlns:xsi="http://www.w3.org/2001/XMLSchema-instance" xsi:noNamespaceSchemaLocation="https://maven.apache.org/surefire/maven-surefire-plugin/xsd/surefire-test-report-3.0.xsd" version="3.0" name="com.schoolFllow.newTest" time="2.97" tests="3" errors="0" skipped="0" failures="0">
  <properties>
[...]
</properties>
  <testcase name="testAC2" classname="com.schoolFllow.newTest" time="1.038">
    <system-out><![CDATA[17:20:47.642 [main] INFO org.springframework.test.context.support.AnnotationConfigContextLoaderUtils -- Could not detect default configuration classes for test class [com.schoolFllow.newTest]: newTest does not declare any static, non-private, non-final, nested classes annotated with @Configuration.
17:20:47.718 [main] INFO org.springframework.boot.test.context.SpringBootTestContextBootstrapper -- Found @SpringBootConfiguration com.schoolFllow.schoolApplication for test class com.schoolFllow.newTest
   __
   )|     _________________________.------,_                  _
 _/o|_____/  ,_____________.__;__,__,__,__,_Y...:::---===````//
|==========\  ;  ;  ;  ;  ; \__,__\__,_____ --__,-.\(=~\(=)\((
           `-----------|__,__/__,__/__/  )=))~((   '-\=(\&(~\\\
                         \ ==== \          \\~~\\     \~~)[JW]\\
                         `| === |           ))~~\\     ```"""=,))
     AK47                 | === |           |'---')
                         / ==== /           `====='
                        ´------´
2023-11-04T17:20:48.024+08:00  INFO 18084 --- [           main] com.schoolFllow.newTest                  : Starting newTest using Java 20.0.2 with PID 18084 (started by Ricklos in E:\alumni-managment\springboot-alumni)
2023-11-04T17:20:48.028+08:00  INFO 18084 --- [           main] com.schoolFllow.newTest                  : No active profile set, falling back to 1 default profile: "default"
Logging initialized using 'class org.apache.ibatis.logging.stdout.StdOutImpl' adapter.
Initialization Sequence datacenterId:29 workerId:30
 _ _   |_  _ _|_. ___ _ |    _ 
| | |\/|_)(_| | |_\  |_)||_|_\ 
     /               |         
                        3.5.4 
2023-11-04T17:20:49.406+08:00  INFO 18084 --- [           main] com.schoolFllow.newTest                  : Started newTest in 1.58 seconds (process running for 2.355)
Creating a new SqlSession
SqlSession [org.apache.ibatis.session.defaults.DefaultSqlSession@4f402027] was not registered for synchronization because synchronization is not active
2023-11-04T17:20:50.246+08:00  INFO 18084 --- [           main] com.zaxxer.hikari.HikariDataSource       : HikariPool-1 - Starting...
2023-11-04T17:20:50.387+08:00  INFO 18084 --- [           main] com.zaxxer.hikari.HikariDataSource       : HikariPool-1 - Start completed.
JDBC Connection [HikariProxyConnection@866589987 wrapping com.mysql.cj.jdbc.ConnectionImpl@23c05889] will not be managed by Spring
==>  Preparing: select * from activity where ac_title like concat('%', ?, '%');
==> Parameters: 书(String)
<==    Columns: ac_id, ac_title, ac_desc, alu_id, ac_create_time, ac_start_time, ac_end_time, ac_count, ac_status, ac_opinion
<==        Row: 1, 参观图书馆, 参观图书馆参观图书馆参观图书馆参观图书馆参观图书馆, 49, 2020-02-11 11:41:04, 2020-02-12 11:41:09, 2020-02-15 11:41:13, 6, 1, 审核通过
<==      Total: 1
Closing non transactional SqlSession [org.apache.ibatis.session.defaults.DefaultSqlSession@4f402027]
[Activity(acId=1, acTitle=参观图书馆, acDesc=参观图书馆参观图书馆参观图书馆参观图书馆参观图书馆, aluId=49, acCreateTime=2020-02-11T11:41:04, acStartTime=2020-02-12T11:41:09, acEndTime=2020-02-15T11:41:13, acCount=6, acStatus=1, acOpinion=审核通过)]
]]></system-out>
  </testcase>
  <testcase name="testAC" classname="com.schoolFllow.newTest" time="0.01">
    <system-out><![CDATA[Creating a new SqlSession
SqlSession [org.apache.ibatis.session.defaults.DefaultSqlSession@77ea960f] was not registered for synchronization because synchronization is not active
JDBC Connection [HikariProxyConnection@1595305774 wrapping com.mysql.cj.jdbc.ConnectionImpl@23c05889] will not be managed by Spring
==>  Preparing: select * from activity;
==> Parameters: 
<==    Columns: ac_id, ac_title, ac_desc, alu_id, ac_create_time, ac_start_time, ac_end_time, ac_count, ac_status, ac_opinion
<==        Row: 1, 参观图书馆, 参观图书馆参观图书馆参观图书馆参观图书馆参观图书馆, 49, 2020-02-11 11:41:04, 2020-02-12 11:41:09, 2020-02-15 11:41:13, 6, 1, 审核通过
<==        Row: 2, 新冠疫情防疫支援活动, 统计住户信息，对外来人员进行登记, 1, 2020-03-14 21:23:56, 2020-03-15 11:41:00, 2020-04-16 11:41:00, 2, 1, 审核通过
<==        Row: 3, 知识讲座活动, 这个知识讲座活动，欢迎踊跃报名, 1, 2020-03-14 21:28:43, 2020-03-17 10:00:00, 2020-03-17 12:00:00, 25, 1, 审核通过
<==        Row: 4, 就业指导活动, 帮助大四学生如何找工作, 1, 2020-03-15 21:08:50, 2020-03-16 10:00:00, 2020-03-17 14:00:00, 20, 1, 1111
<==        Row: 5, 毕设系统验收, 毕设系统验收毕设系统验收, 46, 2020-04-08 13:17:37, 2020-04-09 00:00:00, 2020-04-10 00:00:00, 31, 1, 审核通过
<==        Row: 6, 广州校友会聚餐, 广州校友会聚餐广州校友会聚餐, 45, 2020-04-08 14:08:22, 2020-04-09 00:00:00, 2020-04-09 10:00:00, 10, 1, 允许
<==        Row: 7, 毕设系统演示活动, 毕设系统演示活动毕设系统演示活动, 44, 2020-04-09 14:59:55, 2020-04-09 14:00:00, 2020-04-10 00:00:00, 11, 1, 审核通过
<==        Row: 9, 创建校友活动测试, 创建校友活动测试用例, 1, 2020-04-18 17:00:12, 2020-04-18 18:00:00, 2020-04-19 00:00:00, 1, 0, 1234
<==        Row: 10, 毕设盲审, 4-28到4-30进行论文盲审, 1, 2020-04-30 11:03:41, 2020-04-28 00:00:00, 2020-04-30 00:00:00, 20, 1, 123
<==      Total: 9
Closing non transactional SqlSession [org.apache.ibatis.session.defaults.DefaultSqlSession@77ea960f]
[Activity(acId=1, acTitle=参观图书馆, acDesc=参观图书馆参观图书馆参观图书馆参观图书馆参观图书馆, aluId=49, acCreateTime=2020-02-11T11:41:04, acStartTime=2020-02-12T11:41:09, acEndTime=2020-02-15T11:41:13, acCount=6, acStatus=1, acOpinion=审核通过), Activity(acId=2, acTitle=新冠疫情防疫支援活动, acDesc=统计住户信息，对外来人员进行登记, aluId=1, acCreateTime=2020-03-14T21:23:56, acStartTime=2020-03-15T11:41, acEndTime=2020-04-16T11:41, acCount=2, acStatus=1, acOpinion=审核通过), Activity(acId=3, acTitle=知识讲座活动, acDesc=这个知识讲座活动，欢迎踊跃报名, aluId=1, acCreateTime=2020-03-14T21:28:43, acStartTime=2020-03-17T10:00, acEndTime=2020-03-17T12:00, acCount=25, acStatus=1, acOpinion=审核通过), Activity(acId=4, acTitle=就业指导活动, acDesc=帮助大四学生如何找工作, aluId=1, acCreateTime=2020-03-15T21:08:50, acStartTime=2020-03-16T10:00, acEndTime=2020-03-17T14:00, acCount=20, acStatus=1, acOpinion=1111), Activity(acId=5, acTitle=毕设系统验收, acDesc=毕设系统验收毕设系统验收, aluId=46, acCreateTime=2020-04-08T13:17:37, acStartTime=2020-04-09T00:00, acEndTime=2020-04-10T00:00, acCount=31, acStatus=1, acOpinion=审核通过), Activity(acId=6, acTitle=广州校友会聚餐, acDesc=广州校友会聚餐广州校友会聚餐, aluId=45, acCreateTime=2020-04-08T14:08:22, acStartTime=2020-04-09T00:00, acEndTime=2020-04-09T10:00, acCount=10, acStatus=1, acOpinion=允许), Activity(acId=7, acTitle=毕设系统演示活动, acDesc=毕设系统演示活动毕设系统演示活动, aluId=44, acCreateTime=2020-04-09T14:59:55, acStartTime=2020-04-09T14:00, acEndTime=2020-04-10T00:00, acCount=11, acStatus=1, acOpinion=审核通过), Activity(acId=9, acTitle=创建校友活动测试, acDesc=创建校友活动测试用例, aluId=1, acCreateTime=2020-04-18T17:00:12, acStartTime=2020-04-18T18:00, acEndTime=2020-04-19T00:00, acCount=1, acStatus=0, acOpinion=1234), Activity(acId=10, acTitle=毕设盲审, acDesc=4-28到4-30进行论文盲审, aluId=1, acCreateTime=2020-04-30T11:03:41, acStartTime=2020-04-28T00:00, acEndTime=2020-04-30T00:00, acCount=20, acStatus=1, acOpinion=123)]
]]></system-out>
  </testcase>
  <testcase name="dddterst" classname="com.schoolFllow.newTest" time="0.009">
    <system-out><![CDATA[Creating a new SqlSession
SqlSession [org.apache.ibatis.session.defaults.DefaultSqlSession@4fafd27e] was not registered for synchronization because synchronization is not active
JDBC Connection [HikariProxyConnection@1825992554 wrapping com.mysql.cj.jdbc.ConnectionImpl@23c05889] will not be managed by Spring
==>  Preparing: select * from Alumni;
==> Parameters: 
<==    Columns: id, name, password, sex, native_place, enrollment_year, graduated_year, graduated_department, politics_status, address, mobile
<==        Row: 1, 校友7, 1111, null, null, null, null, 商学院, 团员, null, 12345678910
<==        Row: 44, 校友1, 1111, 男, 11, 11, 11, 商学院, 团员, 11, 12345678910
<==        Row: 45, 校友2, 456, 女, null, null, null, 商学院, 团员, null, 12345678910
<==        Row: 46, 校友3, 123, 男, null, null, null, 商学院, 团员, null, 12345678910
<==        Row: 52, 校友8, 1111, null, null, null, null, 商学院, 团员, null, 12345678910
<==        Row: 53, 12, 1111, null, null, null, null, 商学院, 团员, null, 12345678910
<==        Row: 54, 张括, Zk921022, 男, 22级管理科学与工程班, 2022, 2026,  信息管理与信息系统,  , null, 12345678910
<==      Total: 7
Closing non transactional SqlSession [org.apache.ibatis.session.defaults.DefaultSqlSession@4fafd27e]
[Alumni(id=1, name=校友7, password=1111, sex=null, nativePlace=null, enrollmentYear=null, graduatedYear=null, graduatedDepartment=商学院, politicsStatus=团员, address=null, mobile=12345678910), Alumni(id=44, name=校友1, password=1111, sex=男, nativePlace=11, enrollmentYear=11, graduatedYear=11, graduatedDepartment=商学院, politicsStatus=团员, address=11, mobile=12345678910), Alumni(id=45, name=校友2, password=456, sex=女, nativePlace=null, enrollmentYear=null, graduatedYear=null, graduatedDepartment=商学院, politicsStatus=团员, address=null, mobile=12345678910), Alumni(id=46, name=校友3, password=123, sex=男, nativePlace=null, enrollmentYear=null, graduatedYear=null, graduatedDepartment=商学院, politicsStatus=团员, address=null, mobile=12345678910), Alumni(id=52, name=校友8, password=1111, sex=null, nativePlace=null, enrollmentYear=null, graduatedYear=null, graduatedDepartment=商学院, politicsStatus=团员, address=null, mobile=12345678910), Alumni(id=53, name=12, password=1111, sex=null, nativePlace=null, enrollmentYear=null, graduatedYear=null, graduatedDepartment=商学院, politicsStatus=团员, address=null, mobile=12345678910), Alumni(id=54, name=张括, password=Zk921022, sex=男, nativePlace=22级管理科学与工程班, enrollmentYear=2022, graduatedYear=2026, graduatedDepartment= 信息管理与信息系统, politicsStatus= , address=null, mobile=12345678910)]
]]></system-out>
  </testcase>
</testsuite>